mode: set
github.com/arifwidiasan/todo-app/handler/restecho/handler.go:17.61,29.46 6 0
github.com/arifwidiasan/todo-app/handler/restecho/handler.go:35.2,88.147 24 0
github.com/arifwidiasan/todo-app/handler/restecho/handler.go:29.46,33.3 1 0
github.com/arifwidiasan/todo-app/handler/restecho/handler.go:94.52,95.15 1 0
github.com/arifwidiasan/todo-app/handler/restecho/handler.go:97.81,98.15 1 0
github.com/arifwidiasan/todo-app/handler/restecho/handler.go:100.66,101.15 1 0
github.com/arifwidiasan/todo-app/handler/restecho/handler.go:104.63,105.15 1 0
github.com/arifwidiasan/todo-app/handler/restecho/handler.go:107.74,108.15 1 0
github.com/arifwidiasan/todo-app/handler/restecho/handler.go:110.62,111.15 1 0
github.com/arifwidiasan/todo-app/handler/restecho/handler.go:113.69,114.15 1 0
github.com/arifwidiasan/todo-app/handler/restecho/handler.go:116.85,117.15 1 0
github.com/arifwidiasan/todo-app/handler/restecho/handler.go:119.75,120.15 1 0
github.com/arifwidiasan/todo-app/handler/restecho/handler.go:122.50,123.15 1 0
github.com/arifwidiasan/todo-app/handler/restecho/handler.go:125.76,126.15 1 0
github.com/arifwidiasan/todo-app/handler/restecho/handler.go:129.57,130.15 1 0
github.com/arifwidiasan/todo-app/handler/restecho/handler.go:132.89,133.15 1 0
github.com/arifwidiasan/todo-app/handler/restecho/handler.go:135.94,136.15 1 0
github.com/arifwidiasan/todo-app/handler/restecho/handler.go:138.56,139.15 1 0
github.com/arifwidiasan/todo-app/handler/restecho/handler.go:141.75,142.15 1 0
github.com/arifwidiasan/todo-app/handler/restecho/handler.go:144.65,145.15 1 0
github.com/arifwidiasan/todo-app/handler/restecho/handler.go:148.51,149.15 1 0
github.com/arifwidiasan/todo-app/handler/restecho/handler.go:151.54,152.15 1 0
github.com/arifwidiasan/todo-app/handler/restecho/handler.go:154.58,155.15 1 0
github.com/arifwidiasan/todo-app/handler/restecho/handler.go:157.66,158.15 1 0
github.com/arifwidiasan/todo-app/handler/restecho/handler.go:160.63,161.15 1 0
github.com/arifwidiasan/todo-app/handler/restecho/handler.go:163.46,164.15 1 0
github.com/arifwidiasan/todo-app/handler/restecho/handler.go:166.65,167.15 1 0
github.com/arifwidiasan/todo-app/handler/restecho/handler.go:170.41,172.2 1 0
github.com/arifwidiasan/todo-app/handler/restecho/mock.go:12.52,14.2 1 0
github.com/arifwidiasan/todo-app/handler/restecho/mock.go:16.60,20.2 2 1
github.com/arifwidiasan/todo-app/handler/restecho/mock.go:21.66,23.2 1 0
github.com/arifwidiasan/todo-app/handler/restecho/mock.go:24.81,28.2 2 1
github.com/arifwidiasan/todo-app/handler/restecho/mock.go:29.70,31.2 1 1
github.com/arifwidiasan/todo-app/handler/restecho/mock.go:33.72,37.2 2 0
github.com/arifwidiasan/todo-app/handler/restecho/mock.go:38.70,40.2 1 0
github.com/arifwidiasan/todo-app/handler/restecho/mock.go:41.92,43.2 1 0
github.com/arifwidiasan/todo-app/handler/restecho/mock.go:44.75,46.2 1 0
github.com/arifwidiasan/todo-app/handler/restecho/mock.go:47.82,49.2 1 0
github.com/arifwidiasan/todo-app/handler/restecho/mock.go:50.81,52.2 1 0
github.com/arifwidiasan/todo-app/handler/restecho/mock.go:53.80,55.2 1 0
github.com/arifwidiasan/todo-app/handler/restecho/mock.go:56.59,58.2 1 0
github.com/arifwidiasan/todo-app/handler/restecho/mock.go:59.81,61.2 1 0
github.com/arifwidiasan/todo-app/handler/restecho/mock.go:63.105,67.2 2 0
github.com/arifwidiasan/todo-app/handler/restecho/mock.go:68.72,70.2 1 0
github.com/arifwidiasan/todo-app/handler/restecho/mock.go:71.77,73.2 1 0
github.com/arifwidiasan/todo-app/handler/restecho/mock.go:74.65,76.2 1 0
github.com/arifwidiasan/todo-app/handler/restecho/mock.go:77.84,79.2 1 0
github.com/arifwidiasan/todo-app/handler/restecho/mock.go:80.74,82.2 1 0
github.com/arifwidiasan/todo-app/handler/restecho/mock.go:84.78,88.2 2 0
github.com/arifwidiasan/todo-app/handler/restecho/mock.go:89.63,91.2 1 0
github.com/arifwidiasan/todo-app/handler/restecho/mock.go:92.67,94.2 1 0
github.com/arifwidiasan/todo-app/handler/restecho/mock.go:95.66,97.2 1 0
github.com/arifwidiasan/todo-app/handler/restecho/mock.go:98.68,100.2 1 0
github.com/arifwidiasan/todo-app/handler/restecho/mock.go:101.55,103.2 1 0
github.com/arifwidiasan/todo-app/handler/restecho/mock.go:104.70,106.2 1 0
github.com/arifwidiasan/todo-app/handler/restecho/task_controller.go:11.70,14.16 3 0
github.com/arifwidiasan/todo-app/handler/restecho/task_controller.go:20.2,22.16 3 0
github.com/arifwidiasan/todo-app/handler/restecho/task_controller.go:28.2,29.16 2 0
github.com/arifwidiasan/todo-app/handler/restecho/task_controller.go:35.2,38.16 4 0
github.com/arifwidiasan/todo-app/handler/restecho/task_controller.go:43.2,47.4 1 0
github.com/arifwidiasan/todo-app/handler/restecho/task_controller.go:14.16,18.3 1 0
github.com/arifwidiasan/todo-app/handler/restecho/task_controller.go:22.16,26.3 1 0
github.com/arifwidiasan/todo-app/handler/restecho/task_controller.go:29.16,33.3 1 0
github.com/arifwidiasan/todo-app/handler/restecho/task_controller.go:38.16,42.3 1 0
github.com/arifwidiasan/todo-app/handler/restecho/task_controller.go:50.70,53.16 3 0
github.com/arifwidiasan/todo-app/handler/restecho/task_controller.go:59.2,61.16 3 0
github.com/arifwidiasan/todo-app/handler/restecho/task_controller.go:67.2,68.16 2 0
github.com/arifwidiasan/todo-app/handler/restecho/task_controller.go:74.2,78.4 2 0
github.com/arifwidiasan/todo-app/handler/restecho/task_controller.go:53.16,57.3 1 0
github.com/arifwidiasan/todo-app/handler/restecho/task_controller.go:61.16,65.3 1 0
github.com/arifwidiasan/todo-app/handler/restecho/task_controller.go:68.16,72.3 1 0
github.com/arifwidiasan/todo-app/handler/restecho/task_controller.go:81.70,84.16 3 0
github.com/arifwidiasan/todo-app/handler/restecho/task_controller.go:90.2,92.16 3 0
github.com/arifwidiasan/todo-app/handler/restecho/task_controller.go:98.2,99.16 2 0
github.com/arifwidiasan/todo-app/handler/restecho/task_controller.go:105.2,108.16 4 0
github.com/arifwidiasan/todo-app/handler/restecho/task_controller.go:114.2,117.4 1 0
github.com/arifwidiasan/todo-app/handler/restecho/task_controller.go:84.16,88.3 1 0
github.com/arifwidiasan/todo-app/handler/restecho/task_controller.go:92.16,96.3 1 0
github.com/arifwidiasan/todo-app/handler/restecho/task_controller.go:99.16,103.3 1 0
github.com/arifwidiasan/todo-app/handler/restecho/task_controller.go:108.16,112.3 1 0
github.com/arifwidiasan/todo-app/handler/restecho/task_controller.go:120.70,123.16 3 0
github.com/arifwidiasan/todo-app/handler/restecho/task_controller.go:129.2,131.16 3 0
github.com/arifwidiasan/todo-app/handler/restecho/task_controller.go:137.2,138.16 2 0
github.com/arifwidiasan/todo-app/handler/restecho/task_controller.go:144.2,150.16 6 0
github.com/arifwidiasan/todo-app/handler/restecho/task_controller.go:156.2,160.4 2 0
github.com/arifwidiasan/todo-app/handler/restecho/task_controller.go:123.16,127.3 1 0
github.com/arifwidiasan/todo-app/handler/restecho/task_controller.go:131.16,135.3 1 0
github.com/arifwidiasan/todo-app/handler/restecho/task_controller.go:138.16,142.3 1 0
github.com/arifwidiasan/todo-app/handler/restecho/task_controller.go:150.16,154.3 1 0
github.com/arifwidiasan/todo-app/handler/restecho/task_controller.go:163.70,166.16 3 0
github.com/arifwidiasan/todo-app/handler/restecho/task_controller.go:172.2,175.16 3 0
github.com/arifwidiasan/todo-app/handler/restecho/task_controller.go:181.2,182.16 2 0
github.com/arifwidiasan/todo-app/handler/restecho/task_controller.go:188.2,192.16 4 0
github.com/arifwidiasan/todo-app/handler/restecho/task_controller.go:198.2,200.4 1 0
github.com/arifwidiasan/todo-app/handler/restecho/task_controller.go:166.16,170.3 1 0
github.com/arifwidiasan/todo-app/handler/restecho/task_controller.go:175.16,179.3 1 0
github.com/arifwidiasan/todo-app/handler/restecho/task_controller.go:182.16,186.3 1 0
github.com/arifwidiasan/todo-app/handler/restecho/task_controller.go:192.16,196.3 1 0
github.com/arifwidiasan/todo-app/handler/restecho/task_controller.go:203.72,206.16 3 0
github.com/arifwidiasan/todo-app/handler/restecho/task_controller.go:212.2,215.16 3 0
github.com/arifwidiasan/todo-app/handler/restecho/task_controller.go:221.2,222.16 2 0
github.com/arifwidiasan/todo-app/handler/restecho/task_controller.go:228.2,232.16 4 0
github.com/arifwidiasan/todo-app/handler/restecho/task_controller.go:238.2,241.16 3 0
github.com/arifwidiasan/todo-app/handler/restecho/task_controller.go:247.2,250.4 1 0
github.com/arifwidiasan/todo-app/handler/restecho/task_controller.go:206.16,210.3 1 0
github.com/arifwidiasan/todo-app/handler/restecho/task_controller.go:215.16,219.3 1 0
github.com/arifwidiasan/todo-app/handler/restecho/task_controller.go:222.16,226.3 1 0
github.com/arifwidiasan/todo-app/handler/restecho/task_controller.go:232.16,236.3 1 0
github.com/arifwidiasan/todo-app/handler/restecho/task_controller.go:241.16,245.3 1 0
github.com/arifwidiasan/todo-app/handler/restecho/task_controller.go:253.77,256.16 3 0
github.com/arifwidiasan/todo-app/handler/restecho/task_controller.go:262.2,265.16 3 0
github.com/arifwidiasan/todo-app/handler/restecho/task_controller.go:271.2,272.16 2 0
github.com/arifwidiasan/todo-app/handler/restecho/task_controller.go:278.2,282.16 4 0
github.com/arifwidiasan/todo-app/handler/restecho/task_controller.go:288.2,291.16 3 0
github.com/arifwidiasan/todo-app/handler/restecho/task_controller.go:297.2,300.4 1 0
github.com/arifwidiasan/todo-app/handler/restecho/task_controller.go:256.16,260.3 1 0
github.com/arifwidiasan/todo-app/handler/restecho/task_controller.go:265.16,269.3 1 0
github.com/arifwidiasan/todo-app/handler/restecho/task_controller.go:272.16,276.3 1 0
github.com/arifwidiasan/todo-app/handler/restecho/task_controller.go:282.16,286.3 1 0
github.com/arifwidiasan/todo-app/handler/restecho/task_controller.go:291.16,295.3 1 0
github.com/arifwidiasan/todo-app/handler/restecho/user_controller.go:10.70,15.16 4 1
github.com/arifwidiasan/todo-app/handler/restecho/user_controller.go:21.2,24.4 1 1
github.com/arifwidiasan/todo-app/handler/restecho/user_controller.go:15.16,19.3 1 1
github.com/arifwidiasan/todo-app/handler/restecho/user_controller.go:27.67,31.16 3 1
github.com/arifwidiasan/todo-app/handler/restecho/user_controller.go:37.2,40.4 1 1
github.com/arifwidiasan/todo-app/handler/restecho/user_controller.go:31.16,35.3 1 1
github.com/arifwidiasan/todo-app/handler/restecho/user_controller.go:43.69,49.20 4 1
github.com/arifwidiasan/todo-app/handler/restecho/user_controller.go:61.2,64.10 1 1
github.com/arifwidiasan/todo-app/handler/restecho/user_controller.go:50.31,53.11 1 0
github.com/arifwidiasan/todo-app/handler/restecho/user_controller.go:55.38,58.11 1 0
github.com/arifwidiasan/todo-app/handler/restecho/access_controller.go:9.81,12.16 3 0
github.com/arifwidiasan/todo-app/handler/restecho/access_controller.go:18.2,20.16 3 0
github.com/arifwidiasan/todo-app/handler/restecho/access_controller.go:26.2,27.16 2 0
github.com/arifwidiasan/todo-app/handler/restecho/access_controller.go:33.2,35.40 3 0
github.com/arifwidiasan/todo-app/handler/restecho/access_controller.go:41.2,42.16 2 0
github.com/arifwidiasan/todo-app/handler/restecho/access_controller.go:48.2,50.16 3 0
github.com/arifwidiasan/todo-app/handler/restecho/access_controller.go:55.2,59.4 1 0
github.com/arifwidiasan/todo-app/handler/restecho/access_controller.go:12.16,16.3 1 0
github.com/arifwidiasan/todo-app/handler/restecho/access_controller.go:20.16,24.3 1 0
github.com/arifwidiasan/todo-app/handler/restecho/access_controller.go:27.16,31.3 1 0
github.com/arifwidiasan/todo-app/handler/restecho/access_controller.go:35.40,39.3 1 0
github.com/arifwidiasan/todo-app/handler/restecho/access_controller.go:42.16,46.3 1 0
github.com/arifwidiasan/todo-app/handler/restecho/access_controller.go:50.16,54.3 1 0
github.com/arifwidiasan/todo-app/handler/restecho/access_controller.go:62.81,66.16 4 0
github.com/arifwidiasan/todo-app/handler/restecho/access_controller.go:72.2,74.16 3 0
github.com/arifwidiasan/todo-app/handler/restecho/access_controller.go:80.2,81.16 2 0
github.com/arifwidiasan/todo-app/handler/restecho/access_controller.go:87.2,92.4 2 0
github.com/arifwidiasan/todo-app/handler/restecho/access_controller.go:66.16,70.3 1 0
github.com/arifwidiasan/todo-app/handler/restecho/access_controller.go:74.16,78.3 1 0
github.com/arifwidiasan/todo-app/handler/restecho/access_controller.go:81.16,85.3 1 0
github.com/arifwidiasan/todo-app/handler/restecho/access_controller.go:95.75,98.16 3 0
github.com/arifwidiasan/todo-app/handler/restecho/access_controller.go:104.2,106.16 3 0
github.com/arifwidiasan/todo-app/handler/restecho/access_controller.go:112.2,113.16 2 0
github.com/arifwidiasan/todo-app/handler/restecho/access_controller.go:119.2,122.16 4 0
github.com/arifwidiasan/todo-app/handler/restecho/access_controller.go:128.2,129.16 2 0
github.com/arifwidiasan/todo-app/handler/restecho/access_controller.go:134.2,138.4 1 0
github.com/arifwidiasan/todo-app/handler/restecho/access_controller.go:98.16,102.3 1 0
github.com/arifwidiasan/todo-app/handler/restecho/access_controller.go:106.16,110.3 1 0
github.com/arifwidiasan/todo-app/handler/restecho/access_controller.go:113.16,117.3 1 0
github.com/arifwidiasan/todo-app/handler/restecho/access_controller.go:122.16,126.3 1 0
github.com/arifwidiasan/todo-app/handler/restecho/access_controller.go:129.16,133.3 1 0
github.com/arifwidiasan/todo-app/handler/restecho/access_controller.go:141.83,144.16 3 0
github.com/arifwidiasan/todo-app/handler/restecho/access_controller.go:150.2,152.16 3 0
github.com/arifwidiasan/todo-app/handler/restecho/access_controller.go:158.2,159.16 2 0
github.com/arifwidiasan/todo-app/handler/restecho/access_controller.go:165.2,168.4 1 0
github.com/arifwidiasan/todo-app/handler/restecho/access_controller.go:144.16,148.3 1 0
github.com/arifwidiasan/todo-app/handler/restecho/access_controller.go:152.16,156.3 1 0
github.com/arifwidiasan/todo-app/handler/restecho/access_controller.go:159.16,163.3 1 0
github.com/arifwidiasan/todo-app/handler/restecho/activity_controller.go:9.74,12.16 3 0
github.com/arifwidiasan/todo-app/handler/restecho/activity_controller.go:18.2,23.16 5 0
github.com/arifwidiasan/todo-app/handler/restecho/activity_controller.go:29.2,33.16 4 0
github.com/arifwidiasan/todo-app/handler/restecho/activity_controller.go:39.2,42.4 1 0
github.com/arifwidiasan/todo-app/handler/restecho/activity_controller.go:12.16,16.3 1 0
github.com/arifwidiasan/todo-app/handler/restecho/activity_controller.go:23.16,27.3 1 0
github.com/arifwidiasan/todo-app/handler/restecho/activity_controller.go:33.16,37.3 1 0
github.com/arifwidiasan/todo-app/handler/restecho/activity_controller.go:45.74,48.16 3 0
github.com/arifwidiasan/todo-app/handler/restecho/activity_controller.go:54.2,59.4 2 0
github.com/arifwidiasan/todo-app/handler/restecho/activity_controller.go:48.16,52.3 1 0
github.com/arifwidiasan/todo-app/handler/restecho/activity_controller.go:62.81,65.16 3 0
github.com/arifwidiasan/todo-app/handler/restecho/activity_controller.go:71.2,76.4 2 0
github.com/arifwidiasan/todo-app/handler/restecho/activity_controller.go:65.16,69.3 1 0
github.com/arifwidiasan/todo-app/handler/restecho/activity_controller.go:79.71,82.16 3 0
github.com/arifwidiasan/todo-app/handler/restecho/activity_controller.go:88.2,91.16 3 0
github.com/arifwidiasan/todo-app/handler/restecho/activity_controller.go:97.2,98.16 2 0
github.com/arifwidiasan/todo-app/handler/restecho/activity_controller.go:104.2,107.4 1 0
github.com/arifwidiasan/todo-app/handler/restecho/activity_controller.go:82.16,86.3 1 0
github.com/arifwidiasan/todo-app/handler/restecho/activity_controller.go:91.16,95.3 1 0
github.com/arifwidiasan/todo-app/handler/restecho/activity_controller.go:98.16,102.3 1 0
github.com/arifwidiasan/todo-app/handler/restecho/activity_controller.go:110.74,113.16 3 0
github.com/arifwidiasan/todo-app/handler/restecho/activity_controller.go:119.2,122.16 3 0
github.com/arifwidiasan/todo-app/handler/restecho/activity_controller.go:128.2,129.16 2 0
github.com/arifwidiasan/todo-app/handler/restecho/activity_controller.go:135.2,142.16 6 0
github.com/arifwidiasan/todo-app/handler/restecho/activity_controller.go:148.2,151.4 1 0
github.com/arifwidiasan/todo-app/handler/restecho/activity_controller.go:113.16,117.3 1 0
github.com/arifwidiasan/todo-app/handler/restecho/activity_controller.go:122.16,126.3 1 0
github.com/arifwidiasan/todo-app/handler/restecho/activity_controller.go:129.16,133.3 1 0
github.com/arifwidiasan/todo-app/handler/restecho/activity_controller.go:142.16,146.3 1 0
github.com/arifwidiasan/todo-app/handler/restecho/activity_controller.go:154.74,157.16 3 0
github.com/arifwidiasan/todo-app/handler/restecho/activity_controller.go:163.2,166.16 3 0
github.com/arifwidiasan/todo-app/handler/restecho/activity_controller.go:172.2,173.16 2 0
github.com/arifwidiasan/todo-app/handler/restecho/activity_controller.go:179.2,184.16 5 0
github.com/arifwidiasan/todo-app/handler/restecho/activity_controller.go:190.2,192.4 1 0
github.com/arifwidiasan/todo-app/handler/restecho/activity_controller.go:157.16,161.3 1 0
github.com/arifwidiasan/todo-app/handler/restecho/activity_controller.go:166.16,170.3 1 0
github.com/arifwidiasan/todo-app/handler/restecho/activity_controller.go:173.16,177.3 1 0
github.com/arifwidiasan/todo-app/handler/restecho/activity_controller.go:184.16,188.3 1 0
github.com/arifwidiasan/todo-app/handler/restecho/activity_controller.go:195.75,198.16 3 0
github.com/arifwidiasan/todo-app/handler/restecho/activity_controller.go:204.2,207.16 3 0
github.com/arifwidiasan/todo-app/handler/restecho/activity_controller.go:213.2,214.16 2 0
github.com/arifwidiasan/todo-app/handler/restecho/activity_controller.go:220.2,223.16 3 0
github.com/arifwidiasan/todo-app/handler/restecho/activity_controller.go:229.2,232.4 1 0
github.com/arifwidiasan/todo-app/handler/restecho/activity_controller.go:198.16,202.3 1 0
github.com/arifwidiasan/todo-app/handler/restecho/activity_controller.go:207.16,211.3 1 0
github.com/arifwidiasan/todo-app/handler/restecho/activity_controller.go:214.16,218.3 1 0
github.com/arifwidiasan/todo-app/handler/restecho/activity_controller.go:223.16,227.3 1 0
github.com/arifwidiasan/todo-app/handler/restecho/activity_controller.go:235.75,238.16 3 0
github.com/arifwidiasan/todo-app/handler/restecho/activity_controller.go:244.2,247.16 3 0
github.com/arifwidiasan/todo-app/handler/restecho/activity_controller.go:253.2,254.16 2 0
github.com/arifwidiasan/todo-app/handler/restecho/activity_controller.go:260.2,263.16 3 0
github.com/arifwidiasan/todo-app/handler/restecho/activity_controller.go:269.2,272.4 1 0
github.com/arifwidiasan/todo-app/handler/restecho/activity_controller.go:238.16,242.3 1 0
github.com/arifwidiasan/todo-app/handler/restecho/activity_controller.go:247.16,251.3 1 0
github.com/arifwidiasan/todo-app/handler/restecho/activity_controller.go:254.16,258.3 1 0
github.com/arifwidiasan/todo-app/handler/restecho/activity_controller.go:263.16,267.3 1 0
