mode: set
github.com/arifwidiasan/todo-app/repository/task_repository.go:9.66,11.26 2 1
github.com/arifwidiasan/todo-app/repository/task_repository.go:15.2,15.12 1 0
github.com/arifwidiasan/todo-app/repository/task_repository.go:11.26,13.3 1 1
github.com/arifwidiasan/todo-app/repository/task_repository.go:18.69,22.2 2 1
github.com/arifwidiasan/todo-app/repository/task_repository.go:24.73,31.2 3 1
github.com/arifwidiasan/todo-app/repository/task_repository.go:33.81,35.26 2 1
github.com/arifwidiasan/todo-app/repository/task_repository.go:39.2,39.8 1 1
github.com/arifwidiasan/todo-app/repository/task_repository.go:35.26,37.3 1 1
github.com/arifwidiasan/todo-app/repository/task_repository.go:42.78,44.26 2 1
github.com/arifwidiasan/todo-app/repository/task_repository.go:48.2,48.12 1 1
github.com/arifwidiasan/todo-app/repository/task_repository.go:44.26,46.3 1 1
github.com/arifwidiasan/todo-app/repository/task_repository.go:51.61,54.26 2 1
github.com/arifwidiasan/todo-app/repository/task_repository.go:58.2,58.12 1 1
github.com/arifwidiasan/todo-app/repository/task_repository.go:54.26,56.3 1 1
github.com/arifwidiasan/todo-app/repository/task_repository.go:61.80,63.26 2 1
github.com/arifwidiasan/todo-app/repository/task_repository.go:67.2,67.12 1 0
github.com/arifwidiasan/todo-app/repository/task_repository.go:63.26,65.3 1 1
github.com/arifwidiasan/todo-app/repository/user_repository.go:9.67,11.26 2 1
github.com/arifwidiasan/todo-app/repository/user_repository.go:15.2,15.12 1 0
github.com/arifwidiasan/todo-app/repository/user_repository.go:11.26,13.3 1 1
github.com/arifwidiasan/todo-app/repository/user_repository.go:18.96,20.26 2 1
github.com/arifwidiasan/todo-app/repository/user_repository.go:24.2,24.8 1 1
github.com/arifwidiasan/todo-app/repository/user_repository.go:20.26,22.3 1 1
github.com/arifwidiasan/todo-app/repository/user_repository.go:27.81,29.26 2 1
github.com/arifwidiasan/todo-app/repository/user_repository.go:33.2,33.8 1 1
github.com/arifwidiasan/todo-app/repository/user_repository.go:29.26,31.3 1 1
github.com/arifwidiasan/todo-app/repository/access_repository.go:9.72,11.26 2 1
github.com/arifwidiasan/todo-app/repository/access_repository.go:15.2,15.12 1 0
github.com/arifwidiasan/todo-app/repository/access_repository.go:11.26,13.3 1 1
github.com/arifwidiasan/todo-app/repository/access_repository.go:18.104,20.26 2 1
github.com/arifwidiasan/todo-app/repository/access_repository.go:24.2,24.8 1 1
github.com/arifwidiasan/todo-app/repository/access_repository.go:20.26,22.3 1 1
github.com/arifwidiasan/todo-app/repository/access_repository.go:27.109,29.26 2 1
github.com/arifwidiasan/todo-app/repository/access_repository.go:33.2,33.8 1 1
github.com/arifwidiasan/todo-app/repository/access_repository.go:29.26,31.3 1 1
github.com/arifwidiasan/todo-app/repository/access_repository.go:36.71,40.2 2 1
github.com/arifwidiasan/todo-app/repository/access_repository.go:42.90,50.2 3 1
github.com/arifwidiasan/todo-app/repository/access_repository.go:52.80,55.26 2 1
github.com/arifwidiasan/todo-app/repository/access_repository.go:59.2,59.12 1 0
github.com/arifwidiasan/todo-app/repository/access_repository.go:55.26,57.3 1 1
github.com/arifwidiasan/todo-app/repository/activity_repository.go:9.78,11.26 2 1
github.com/arifwidiasan/todo-app/repository/activity_repository.go:15.2,15.12 1 0
github.com/arifwidiasan/todo-app/repository/activity_repository.go:11.26,13.3 1 1
github.com/arifwidiasan/todo-app/repository/activity_repository.go:18.89,20.26 2 1
github.com/arifwidiasan/todo-app/repository/activity_repository.go:24.2,24.8 1 1
github.com/arifwidiasan/todo-app/repository/activity_repository.go:20.26,22.3 1 1
github.com/arifwidiasan/todo-app/repository/activity_repository.go:27.77,34.2 3 1
github.com/arifwidiasan/todo-app/repository/activity_repository.go:36.84,43.2 3 1
github.com/arifwidiasan/todo-app/repository/activity_repository.go:45.100,47.26 2 1
github.com/arifwidiasan/todo-app/repository/activity_repository.go:51.2,51.8 1 1
github.com/arifwidiasan/todo-app/repository/activity_repository.go:47.26,49.3 1 1
github.com/arifwidiasan/todo-app/repository/activity_repository.go:54.90,56.26 2 1
github.com/arifwidiasan/todo-app/repository/activity_repository.go:60.2,60.12 1 1
github.com/arifwidiasan/todo-app/repository/activity_repository.go:56.26,58.3 1 1
github.com/arifwidiasan/todo-app/repository/activity_repository.go:63.91,65.26 2 1
github.com/arifwidiasan/todo-app/repository/activity_repository.go:69.2,69.12 1 0
github.com/arifwidiasan/todo-app/repository/activity_repository.go:65.26,67.3 1 1
github.com/arifwidiasan/todo-app/repository/activity_repository.go:72.65,75.26 2 1
github.com/arifwidiasan/todo-app/repository/activity_repository.go:79.2,79.12 1 1
github.com/arifwidiasan/todo-app/repository/activity_repository.go:75.26,77.3 1 1
github.com/arifwidiasan/todo-app/repository/adapter.go:13.63,17.2 1 1
