mode: set
github.com/arifwidiasan/todo-app/service/mock.go:32.55,34.2 1 1
github.com/arifwidiasan/todo-app/service/mock.go:35.84,37.2 1 1
github.com/arifwidiasan/todo-app/service/mock.go:38.69,40.2 1 1
github.com/arifwidiasan/todo-app/service/mock.go:42.66,44.2 1 1
github.com/arifwidiasan/todo-app/service/mock.go:45.77,47.2 1 1
github.com/arifwidiasan/todo-app/service/mock.go:48.65,50.2 1 0
github.com/arifwidiasan/todo-app/service/mock.go:51.72,52.15 1 0
github.com/arifwidiasan/todo-app/service/mock.go:54.88,56.2 1 1
github.com/arifwidiasan/todo-app/service/mock.go:57.78,59.2 1 1
github.com/arifwidiasan/todo-app/service/mock.go:60.53,62.2 1 1
github.com/arifwidiasan/todo-app/service/mock.go:63.79,65.2 1 1
github.com/arifwidiasan/todo-app/service/mock.go:67.60,69.2 1 1
github.com/arifwidiasan/todo-app/service/mock.go:70.92,72.2 1 1
github.com/arifwidiasan/todo-app/service/mock.go:73.97,75.2 1 1
github.com/arifwidiasan/todo-app/service/mock.go:76.59,78.2 1 1
github.com/arifwidiasan/todo-app/service/mock.go:79.78,81.2 1 1
github.com/arifwidiasan/todo-app/service/mock.go:82.68,84.2 1 1
github.com/arifwidiasan/todo-app/service/mock.go:86.54,88.2 1 1
github.com/arifwidiasan/todo-app/service/mock.go:89.57,91.2 1 1
github.com/arifwidiasan/todo-app/service/mock.go:92.61,94.2 1 1
github.com/arifwidiasan/todo-app/service/mock.go:95.69,97.2 1 1
github.com/arifwidiasan/todo-app/service/mock.go:98.66,100.2 1 1
github.com/arifwidiasan/todo-app/service/mock.go:101.49,103.2 1 1
github.com/arifwidiasan/todo-app/service/mock.go:104.68,106.2 1 1
github.com/arifwidiasan/todo-app/service/task_service.go:5.78,10.2 3 1
github.com/arifwidiasan/todo-app/service/task_service.go:12.63,14.2 1 1
github.com/arifwidiasan/todo-app/service/task_service.go:16.67,18.2 1 1
github.com/arifwidiasan/todo-app/service/task_service.go:20.66,22.2 1 1
github.com/arifwidiasan/todo-app/service/task_service.go:24.68,26.2 1 1
github.com/arifwidiasan/todo-app/service/task_service.go:28.55,30.2 1 1
github.com/arifwidiasan/todo-app/service/task_service.go:32.70,34.2 1 1
github.com/arifwidiasan/todo-app/service/user_service.go:10.60,12.2 1 1
github.com/arifwidiasan/todo-app/service/user_service.go:14.66,16.2 1 1
github.com/arifwidiasan/todo-app/service/user_service.go:18.81,20.2 1 1
github.com/arifwidiasan/todo-app/service/user_service.go:22.70,25.32 2 0
github.com/arifwidiasan/todo-app/service/user_service.go:29.2,30.16 2 0
github.com/arifwidiasan/todo-app/service/user_service.go:34.2,34.29 1 0
github.com/arifwidiasan/todo-app/service/user_service.go:25.32,27.3 1 0
github.com/arifwidiasan/todo-app/service/user_service.go:30.16,32.3 1 0
github.com/arifwidiasan/todo-app/service/access_service.go:9.105,15.2 4 1
github.com/arifwidiasan/todo-app/service/access_service.go:17.72,19.16 2 1
github.com/arifwidiasan/todo-app/service/access_service.go:23.2,23.12 1 1
github.com/arifwidiasan/todo-app/service/access_service.go:19.16,21.3 1 1
github.com/arifwidiasan/todo-app/service/access_service.go:26.77,28.16 2 1
github.com/arifwidiasan/todo-app/service/access_service.go:32.2,32.12 1 1
github.com/arifwidiasan/todo-app/service/access_service.go:28.16,30.3 1 1
github.com/arifwidiasan/todo-app/service/access_service.go:35.65,37.2 1 1
github.com/arifwidiasan/todo-app/service/access_service.go:39.84,41.2 1 1
github.com/arifwidiasan/todo-app/service/access_service.go:43.74,45.2 1 1
github.com/arifwidiasan/todo-app/service/activity_service.go:10.72,12.2 1 1
github.com/arifwidiasan/todo-app/service/activity_service.go:14.70,16.2 1 1
github.com/arifwidiasan/todo-app/service/activity_service.go:18.75,21.2 2 0
github.com/arifwidiasan/todo-app/service/activity_service.go:23.82,26.2 2 0
github.com/arifwidiasan/todo-app/service/activity_service.go:28.92,32.2 2 1
github.com/arifwidiasan/todo-app/service/activity_service.go:34.81,36.2 1 1
github.com/arifwidiasan/todo-app/service/activity_service.go:38.80,40.2 1 1
github.com/arifwidiasan/todo-app/service/activity_service.go:42.59,44.2 1 1
github.com/arifwidiasan/todo-app/service/activity_service.go:46.81,48.2 1 1
github.com/arifwidiasan/todo-app/service/adapter.go:16.56,21.2 3 0
github.com/arifwidiasan/todo-app/service/adapter.go:23.91,28.2 1 1
github.com/arifwidiasan/todo-app/repository/access_repository.go:9.72,11.26 2 1
github.com/arifwidiasan/todo-app/repository/access_repository.go:15.2,15.12 1 0
github.com/arifwidiasan/todo-app/repository/access_repository.go:11.26,13.3 1 1
github.com/arifwidiasan/todo-app/repository/access_repository.go:18.104,20.26 2 1
github.com/arifwidiasan/todo-app/repository/access_repository.go:24.2,24.8 1 1
github.com/arifwidiasan/todo-app/repository/access_repository.go:20.26,22.3 1 1
github.com/arifwidiasan/todo-app/repository/access_repository.go:27.109,29.26 2 1
github.com/arifwidiasan/todo-app/repository/access_repository.go:33.2,33.8 1 1
github.com/arifwidiasan/todo-app/repository/access_repository.go:29.26,31.3 1 1
github.com/arifwidiasan/todo-app/repository/access_repository.go:36.71,40.2 2 1
github.com/arifwidiasan/todo-app/repository/access_repository.go:42.90,50.2 3 1
github.com/arifwidiasan/todo-app/repository/access_repository.go:52.80,55.26 2 1
github.com/arifwidiasan/todo-app/repository/access_repository.go:59.2,59.12 1 0
github.com/arifwidiasan/todo-app/repository/access_repository.go:55.26,57.3 1 1
github.com/arifwidiasan/todo-app/repository/activity_repository.go:9.78,11.26 2 1
github.com/arifwidiasan/todo-app/repository/activity_repository.go:15.2,15.12 1 0
github.com/arifwidiasan/todo-app/repository/activity_repository.go:11.26,13.3 1 1
github.com/arifwidiasan/todo-app/repository/activity_repository.go:18.89,20.26 2 1
github.com/arifwidiasan/todo-app/repository/activity_repository.go:24.2,24.8 1 1
github.com/arifwidiasan/todo-app/repository/activity_repository.go:20.26,22.3 1 1
github.com/arifwidiasan/todo-app/repository/activity_repository.go:27.77,34.2 3 1
github.com/arifwidiasan/todo-app/repository/activity_repository.go:36.84,43.2 3 1
github.com/arifwidiasan/todo-app/repository/activity_repository.go:45.100,47.26 2 1
github.com/arifwidiasan/todo-app/repository/activity_repository.go:51.2,51.8 1 1
github.com/arifwidiasan/todo-app/repository/activity_repository.go:47.26,49.3 1 1
github.com/arifwidiasan/todo-app/repository/activity_repository.go:54.90,56.26 2 1
github.com/arifwidiasan/todo-app/repository/activity_repository.go:60.2,60.12 1 1
github.com/arifwidiasan/todo-app/repository/activity_repository.go:56.26,58.3 1 1
github.com/arifwidiasan/todo-app/repository/activity_repository.go:63.91,65.26 2 1
github.com/arifwidiasan/todo-app/repository/activity_repository.go:69.2,69.12 1 0
github.com/arifwidiasan/todo-app/repository/activity_repository.go:65.26,67.3 1 1
github.com/arifwidiasan/todo-app/repository/activity_repository.go:72.65,75.26 2 1
github.com/arifwidiasan/todo-app/repository/activity_repository.go:79.2,79.12 1 1
github.com/arifwidiasan/todo-app/repository/activity_repository.go:75.26,77.3 1 1
github.com/arifwidiasan/todo-app/repository/adapter.go:13.63,17.2 1 1
github.com/arifwidiasan/todo-app/repository/task_repository.go:9.66,11.26 2 1
github.com/arifwidiasan/todo-app/repository/task_repository.go:15.2,15.12 1 0
github.com/arifwidiasan/todo-app/repository/task_repository.go:11.26,13.3 1 1
github.com/arifwidiasan/todo-app/repository/task_repository.go:18.69,22.2 2 1
github.com/arifwidiasan/todo-app/repository/task_repository.go:24.73,31.2 3 1
github.com/arifwidiasan/todo-app/repository/task_repository.go:33.81,35.26 2 1
github.com/arifwidiasan/todo-app/repository/task_repository.go:39.2,39.8 1 1
github.com/arifwidiasan/todo-app/repository/task_repository.go:35.26,37.3 1 1
github.com/arifwidiasan/todo-app/repository/task_repository.go:42.78,44.26 2 1
github.com/arifwidiasan/todo-app/repository/task_repository.go:48.2,48.12 1 1
github.com/arifwidiasan/todo-app/repository/task_repository.go:44.26,46.3 1 1
github.com/arifwidiasan/todo-app/repository/task_repository.go:51.61,54.26 2 1
github.com/arifwidiasan/todo-app/repository/task_repository.go:58.2,58.12 1 1
github.com/arifwidiasan/todo-app/repository/task_repository.go:54.26,56.3 1 1
github.com/arifwidiasan/todo-app/repository/task_repository.go:61.80,63.26 2 1
github.com/arifwidiasan/todo-app/repository/task_repository.go:67.2,67.12 1 0
github.com/arifwidiasan/todo-app/repository/task_repository.go:63.26,65.3 1 1
github.com/arifwidiasan/todo-app/repository/user_repository.go:9.67,11.26 2 1
github.com/arifwidiasan/todo-app/repository/user_repository.go:15.2,15.12 1 0
github.com/arifwidiasan/todo-app/repository/user_repository.go:11.26,13.3 1 1
github.com/arifwidiasan/todo-app/repository/user_repository.go:18.96,20.26 2 1
github.com/arifwidiasan/todo-app/repository/user_repository.go:24.2,24.8 1 1
github.com/arifwidiasan/todo-app/repository/user_repository.go:20.26,22.3 1 1
github.com/arifwidiasan/todo-app/repository/user_repository.go:27.81,29.26 2 1
github.com/arifwidiasan/todo-app/repository/user_repository.go:33.2,33.8 1 1
github.com/arifwidiasan/todo-app/repository/user_repository.go:29.26,31.3 1 1
github.com/arifwidiasan/todo-app/handler/restecho/activity_controller.go:21.74,25.16 3 0
github.com/arifwidiasan/todo-app/handler/restecho/activity_controller.go:31.2,36.16 5 0
github.com/arifwidiasan/todo-app/handler/restecho/activity_controller.go:42.2,46.16 4 0
github.com/arifwidiasan/todo-app/handler/restecho/activity_controller.go:52.2,55.4 1 0
github.com/arifwidiasan/todo-app/handler/restecho/activity_controller.go:25.16,29.3 1 0
github.com/arifwidiasan/todo-app/handler/restecho/activity_controller.go:36.16,40.3 1 0
github.com/arifwidiasan/todo-app/handler/restecho/activity_controller.go:46.16,50.3 1 0
github.com/arifwidiasan/todo-app/handler/restecho/activity_controller.go:68.74,72.16 3 0
github.com/arifwidiasan/todo-app/handler/restecho/activity_controller.go:78.2,83.4 2 0
github.com/arifwidiasan/todo-app/handler/restecho/activity_controller.go:72.16,76.3 1 0
github.com/arifwidiasan/todo-app/handler/restecho/activity_controller.go:96.81,100.16 3 0
github.com/arifwidiasan/todo-app/handler/restecho/activity_controller.go:106.2,111.4 2 0
github.com/arifwidiasan/todo-app/handler/restecho/activity_controller.go:100.16,104.3 1 0
github.com/arifwidiasan/todo-app/handler/restecho/activity_controller.go:126.71,130.16 3 0
github.com/arifwidiasan/todo-app/handler/restecho/activity_controller.go:136.2,139.16 3 0
github.com/arifwidiasan/todo-app/handler/restecho/activity_controller.go:145.2,146.16 2 0
github.com/arifwidiasan/todo-app/handler/restecho/activity_controller.go:152.2,155.4 1 0
github.com/arifwidiasan/todo-app/handler/restecho/activity_controller.go:130.16,134.3 1 0
github.com/arifwidiasan/todo-app/handler/restecho/activity_controller.go:139.16,143.3 1 0
github.com/arifwidiasan/todo-app/handler/restecho/activity_controller.go:146.16,150.3 1 0
github.com/arifwidiasan/todo-app/handler/restecho/activity_controller.go:171.74,175.16 3 0
github.com/arifwidiasan/todo-app/handler/restecho/activity_controller.go:181.2,183.16 3 0
github.com/arifwidiasan/todo-app/handler/restecho/activity_controller.go:189.2,190.16 2 0
github.com/arifwidiasan/todo-app/handler/restecho/activity_controller.go:196.2,203.16 6 0
github.com/arifwidiasan/todo-app/handler/restecho/activity_controller.go:209.2,212.4 1 0
github.com/arifwidiasan/todo-app/handler/restecho/activity_controller.go:175.16,179.3 1 0
github.com/arifwidiasan/todo-app/handler/restecho/activity_controller.go:183.16,187.3 1 0
github.com/arifwidiasan/todo-app/handler/restecho/activity_controller.go:190.16,194.3 1 0
github.com/arifwidiasan/todo-app/handler/restecho/activity_controller.go:203.16,207.3 1 0
github.com/arifwidiasan/todo-app/handler/restecho/activity_controller.go:227.74,231.16 3 0
github.com/arifwidiasan/todo-app/handler/restecho/activity_controller.go:237.2,240.16 3 0
github.com/arifwidiasan/todo-app/handler/restecho/activity_controller.go:246.2,247.16 2 0
github.com/arifwidiasan/todo-app/handler/restecho/activity_controller.go:253.2,258.16 5 0
github.com/arifwidiasan/todo-app/handler/restecho/activity_controller.go:264.2,266.4 1 0
github.com/arifwidiasan/todo-app/handler/restecho/activity_controller.go:231.16,235.3 1 0
github.com/arifwidiasan/todo-app/handler/restecho/activity_controller.go:240.16,244.3 1 0
github.com/arifwidiasan/todo-app/handler/restecho/activity_controller.go:247.16,251.3 1 0
github.com/arifwidiasan/todo-app/handler/restecho/activity_controller.go:258.16,262.3 1 0
github.com/arifwidiasan/todo-app/handler/restecho/activity_controller.go:281.75,285.16 3 0
github.com/arifwidiasan/todo-app/handler/restecho/activity_controller.go:291.2,294.16 3 0
github.com/arifwidiasan/todo-app/handler/restecho/activity_controller.go:300.2,301.16 2 0
github.com/arifwidiasan/todo-app/handler/restecho/activity_controller.go:307.2,310.16 3 0
github.com/arifwidiasan/todo-app/handler/restecho/activity_controller.go:316.2,319.4 1 0
github.com/arifwidiasan/todo-app/handler/restecho/activity_controller.go:285.16,289.3 1 0
github.com/arifwidiasan/todo-app/handler/restecho/activity_controller.go:294.16,298.3 1 0
github.com/arifwidiasan/todo-app/handler/restecho/activity_controller.go:301.16,305.3 1 0
github.com/arifwidiasan/todo-app/handler/restecho/activity_controller.go:310.16,314.3 1 0
github.com/arifwidiasan/todo-app/handler/restecho/activity_controller.go:334.75,338.16 3 0
github.com/arifwidiasan/todo-app/handler/restecho/activity_controller.go:344.2,347.16 3 0
github.com/arifwidiasan/todo-app/handler/restecho/activity_controller.go:353.2,354.16 2 0
github.com/arifwidiasan/todo-app/handler/restecho/activity_controller.go:360.2,363.16 3 0
github.com/arifwidiasan/todo-app/handler/restecho/activity_controller.go:369.2,372.4 1 0
github.com/arifwidiasan/todo-app/handler/restecho/activity_controller.go:338.16,342.3 1 0
github.com/arifwidiasan/todo-app/handler/restecho/activity_controller.go:347.16,351.3 1 0
github.com/arifwidiasan/todo-app/handler/restecho/activity_controller.go:354.16,358.3 1 0
github.com/arifwidiasan/todo-app/handler/restecho/activity_controller.go:363.16,367.3 1 0
github.com/arifwidiasan/todo-app/handler/restecho/handler.go:15.61,26.46 5 0
github.com/arifwidiasan/todo-app/handler/restecho/handler.go:32.2,68.137 25 0
github.com/arifwidiasan/todo-app/handler/restecho/handler.go:26.46,30.3 1 0
github.com/arifwidiasan/todo-app/handler/restecho/mock.go:13.56,16.2 2 0
github.com/arifwidiasan/todo-app/handler/restecho/mock.go:18.60,22.2 2 1
github.com/arifwidiasan/todo-app/handler/restecho/mock.go:23.66,25.2 1 0
github.com/arifwidiasan/todo-app/handler/restecho/mock.go:26.81,30.2 2 0
github.com/arifwidiasan/todo-app/handler/restecho/mock.go:31.70,33.2 1 1
github.com/arifwidiasan/todo-app/handler/restecho/mock.go:35.72,39.2 2 0
github.com/arifwidiasan/todo-app/handler/restecho/mock.go:40.70,42.2 1 0
github.com/arifwidiasan/todo-app/handler/restecho/mock.go:43.92,45.2 1 0
github.com/arifwidiasan/todo-app/handler/restecho/mock.go:46.75,48.2 1 0
github.com/arifwidiasan/todo-app/handler/restecho/mock.go:49.82,51.2 1 0
github.com/arifwidiasan/todo-app/handler/restecho/mock.go:52.81,54.2 1 0
github.com/arifwidiasan/todo-app/handler/restecho/mock.go:55.80,57.2 1 0
github.com/arifwidiasan/todo-app/handler/restecho/mock.go:58.59,60.2 1 0
github.com/arifwidiasan/todo-app/handler/restecho/mock.go:61.81,63.2 1 0
github.com/arifwidiasan/todo-app/handler/restecho/mock.go:65.105,69.2 2 0
github.com/arifwidiasan/todo-app/handler/restecho/mock.go:70.72,72.2 1 0
github.com/arifwidiasan/todo-app/handler/restecho/mock.go:73.77,75.2 1 0
github.com/arifwidiasan/todo-app/handler/restecho/mock.go:76.65,78.2 1 0
github.com/arifwidiasan/todo-app/handler/restecho/mock.go:79.84,81.2 1 0
github.com/arifwidiasan/todo-app/handler/restecho/mock.go:82.74,84.2 1 0
github.com/arifwidiasan/todo-app/handler/restecho/mock.go:86.78,90.2 2 0
github.com/arifwidiasan/todo-app/handler/restecho/mock.go:91.63,93.2 1 0
github.com/arifwidiasan/todo-app/handler/restecho/mock.go:94.67,96.2 1 0
github.com/arifwidiasan/todo-app/handler/restecho/mock.go:97.66,99.2 1 0
github.com/arifwidiasan/todo-app/handler/restecho/mock.go:100.68,102.2 1 0
github.com/arifwidiasan/todo-app/handler/restecho/mock.go:103.55,105.2 1 0
github.com/arifwidiasan/todo-app/handler/restecho/mock.go:106.70,108.2 1 0
github.com/arifwidiasan/todo-app/handler/restecho/task_controller.go:25.70,29.16 3 0
github.com/arifwidiasan/todo-app/handler/restecho/task_controller.go:35.2,37.16 3 0
github.com/arifwidiasan/todo-app/handler/restecho/task_controller.go:43.2,44.16 2 0
github.com/arifwidiasan/todo-app/handler/restecho/task_controller.go:50.2,53.16 4 0
github.com/arifwidiasan/todo-app/handler/restecho/task_controller.go:58.2,62.4 1 0
github.com/arifwidiasan/todo-app/handler/restecho/task_controller.go:29.16,33.3 1 0
github.com/arifwidiasan/todo-app/handler/restecho/task_controller.go:37.16,41.3 1 0
github.com/arifwidiasan/todo-app/handler/restecho/task_controller.go:44.16,48.3 1 0
github.com/arifwidiasan/todo-app/handler/restecho/task_controller.go:53.16,57.3 1 0
github.com/arifwidiasan/todo-app/handler/restecho/task_controller.go:77.70,81.16 3 0
github.com/arifwidiasan/todo-app/handler/restecho/task_controller.go:87.2,89.16 3 0
github.com/arifwidiasan/todo-app/handler/restecho/task_controller.go:95.2,96.16 2 0
github.com/arifwidiasan/todo-app/handler/restecho/task_controller.go:102.2,106.4 2 0
github.com/arifwidiasan/todo-app/handler/restecho/task_controller.go:81.16,85.3 1 0
github.com/arifwidiasan/todo-app/handler/restecho/task_controller.go:89.16,93.3 1 0
github.com/arifwidiasan/todo-app/handler/restecho/task_controller.go:96.16,100.3 1 0
github.com/arifwidiasan/todo-app/handler/restecho/task_controller.go:122.70,126.16 3 0
github.com/arifwidiasan/todo-app/handler/restecho/task_controller.go:132.2,134.16 3 0
github.com/arifwidiasan/todo-app/handler/restecho/task_controller.go:140.2,141.16 2 0
github.com/arifwidiasan/todo-app/handler/restecho/task_controller.go:147.2,150.16 4 0
github.com/arifwidiasan/todo-app/handler/restecho/task_controller.go:156.2,159.4 1 0
github.com/arifwidiasan/todo-app/handler/restecho/task_controller.go:126.16,130.3 1 0
github.com/arifwidiasan/todo-app/handler/restecho/task_controller.go:134.16,138.3 1 0
github.com/arifwidiasan/todo-app/handler/restecho/task_controller.go:141.16,145.3 1 0
github.com/arifwidiasan/todo-app/handler/restecho/task_controller.go:150.16,154.3 1 0
github.com/arifwidiasan/todo-app/handler/restecho/task_controller.go:176.70,180.16 3 0
github.com/arifwidiasan/todo-app/handler/restecho/task_controller.go:186.2,188.16 3 0
github.com/arifwidiasan/todo-app/handler/restecho/task_controller.go:194.2,195.16 2 0
github.com/arifwidiasan/todo-app/handler/restecho/task_controller.go:201.2,207.16 6 0
github.com/arifwidiasan/todo-app/handler/restecho/task_controller.go:213.2,217.4 2 0
github.com/arifwidiasan/todo-app/handler/restecho/task_controller.go:180.16,184.3 1 0
github.com/arifwidiasan/todo-app/handler/restecho/task_controller.go:188.16,192.3 1 0
github.com/arifwidiasan/todo-app/handler/restecho/task_controller.go:195.16,199.3 1 0
github.com/arifwidiasan/todo-app/handler/restecho/task_controller.go:207.16,211.3 1 0
github.com/arifwidiasan/todo-app/handler/restecho/task_controller.go:233.70,237.16 3 0
github.com/arifwidiasan/todo-app/handler/restecho/task_controller.go:243.2,246.16 3 0
github.com/arifwidiasan/todo-app/handler/restecho/task_controller.go:252.2,253.16 2 0
github.com/arifwidiasan/todo-app/handler/restecho/task_controller.go:259.2,263.16 4 0
github.com/arifwidiasan/todo-app/handler/restecho/task_controller.go:269.2,271.4 1 0
github.com/arifwidiasan/todo-app/handler/restecho/task_controller.go:237.16,241.3 1 0
github.com/arifwidiasan/todo-app/handler/restecho/task_controller.go:246.16,250.3 1 0
github.com/arifwidiasan/todo-app/handler/restecho/task_controller.go:253.16,257.3 1 0
github.com/arifwidiasan/todo-app/handler/restecho/task_controller.go:263.16,267.3 1 0
github.com/arifwidiasan/todo-app/handler/restecho/task_controller.go:287.72,291.16 3 0
github.com/arifwidiasan/todo-app/handler/restecho/task_controller.go:297.2,300.16 3 0
github.com/arifwidiasan/todo-app/handler/restecho/task_controller.go:306.2,307.16 2 0
github.com/arifwidiasan/todo-app/handler/restecho/task_controller.go:313.2,317.16 4 0
github.com/arifwidiasan/todo-app/handler/restecho/task_controller.go:323.2,326.16 3 0
github.com/arifwidiasan/todo-app/handler/restecho/task_controller.go:332.2,335.4 1 0
github.com/arifwidiasan/todo-app/handler/restecho/task_controller.go:291.16,295.3 1 0
github.com/arifwidiasan/todo-app/handler/restecho/task_controller.go:300.16,304.3 1 0
github.com/arifwidiasan/todo-app/handler/restecho/task_controller.go:307.16,311.3 1 0
github.com/arifwidiasan/todo-app/handler/restecho/task_controller.go:317.16,321.3 1 0
github.com/arifwidiasan/todo-app/handler/restecho/task_controller.go:326.16,330.3 1 0
github.com/arifwidiasan/todo-app/handler/restecho/task_controller.go:351.77,355.16 3 0
github.com/arifwidiasan/todo-app/handler/restecho/task_controller.go:361.2,364.16 3 0
github.com/arifwidiasan/todo-app/handler/restecho/task_controller.go:370.2,371.16 2 0
github.com/arifwidiasan/todo-app/handler/restecho/task_controller.go:377.2,381.16 4 0
github.com/arifwidiasan/todo-app/handler/restecho/task_controller.go:387.2,390.16 3 0
github.com/arifwidiasan/todo-app/handler/restecho/task_controller.go:396.2,399.4 1 0
github.com/arifwidiasan/todo-app/handler/restecho/task_controller.go:355.16,359.3 1 0
github.com/arifwidiasan/todo-app/handler/restecho/task_controller.go:364.16,368.3 1 0
github.com/arifwidiasan/todo-app/handler/restecho/task_controller.go:371.16,375.3 1 0
github.com/arifwidiasan/todo-app/handler/restecho/task_controller.go:381.16,385.3 1 0
github.com/arifwidiasan/todo-app/handler/restecho/task_controller.go:390.16,394.3 1 0
github.com/arifwidiasan/todo-app/handler/restecho/user_controller.go:22.70,27.16 4 1
github.com/arifwidiasan/todo-app/handler/restecho/user_controller.go:33.2,36.4 1 1
github.com/arifwidiasan/todo-app/handler/restecho/user_controller.go:27.16,31.3 1 1
github.com/arifwidiasan/todo-app/handler/restecho/user_controller.go:48.67,52.16 3 0
github.com/arifwidiasan/todo-app/handler/restecho/user_controller.go:58.2,61.4 1 0
github.com/arifwidiasan/todo-app/handler/restecho/user_controller.go:52.16,56.3 1 0
github.com/arifwidiasan/todo-app/handler/restecho/user_controller.go:75.69,81.20 4 1
github.com/arifwidiasan/todo-app/handler/restecho/user_controller.go:93.2,96.10 1 1
github.com/arifwidiasan/todo-app/handler/restecho/user_controller.go:82.31,85.11 1 0
github.com/arifwidiasan/todo-app/handler/restecho/user_controller.go:87.38,90.11 1 0
github.com/arifwidiasan/todo-app/handler/restecho/access_controller.go:23.81,27.16 3 0
github.com/arifwidiasan/todo-app/handler/restecho/access_controller.go:33.2,35.16 3 0
github.com/arifwidiasan/todo-app/handler/restecho/access_controller.go:41.2,42.16 2 0
github.com/arifwidiasan/todo-app/handler/restecho/access_controller.go:48.2,50.40 3 0
github.com/arifwidiasan/todo-app/handler/restecho/access_controller.go:56.2,57.16 2 0
github.com/arifwidiasan/todo-app/handler/restecho/access_controller.go:63.2,65.16 3 0
github.com/arifwidiasan/todo-app/handler/restecho/access_controller.go:70.2,74.4 1 0
github.com/arifwidiasan/todo-app/handler/restecho/access_controller.go:27.16,31.3 1 0
github.com/arifwidiasan/todo-app/handler/restecho/access_controller.go:35.16,39.3 1 0
github.com/arifwidiasan/todo-app/handler/restecho/access_controller.go:42.16,46.3 1 0
github.com/arifwidiasan/todo-app/handler/restecho/access_controller.go:50.40,54.3 1 0
github.com/arifwidiasan/todo-app/handler/restecho/access_controller.go:57.16,61.3 1 0
github.com/arifwidiasan/todo-app/handler/restecho/access_controller.go:65.16,69.3 1 0
github.com/arifwidiasan/todo-app/handler/restecho/access_controller.go:89.81,94.16 4 0
github.com/arifwidiasan/todo-app/handler/restecho/access_controller.go:100.2,102.16 3 0
github.com/arifwidiasan/todo-app/handler/restecho/access_controller.go:108.2,109.16 2 0
github.com/arifwidiasan/todo-app/handler/restecho/access_controller.go:115.2,120.4 2 0
github.com/arifwidiasan/todo-app/handler/restecho/access_controller.go:94.16,98.3 1 0
github.com/arifwidiasan/todo-app/handler/restecho/access_controller.go:102.16,106.3 1 0
github.com/arifwidiasan/todo-app/handler/restecho/access_controller.go:109.16,113.3 1 0
github.com/arifwidiasan/todo-app/handler/restecho/access_controller.go:136.75,140.16 3 0
github.com/arifwidiasan/todo-app/handler/restecho/access_controller.go:146.2,148.16 3 0
github.com/arifwidiasan/todo-app/handler/restecho/access_controller.go:154.2,155.16 2 0
github.com/arifwidiasan/todo-app/handler/restecho/access_controller.go:161.2,164.16 4 0
github.com/arifwidiasan/todo-app/handler/restecho/access_controller.go:170.2,171.16 2 0
github.com/arifwidiasan/todo-app/handler/restecho/access_controller.go:176.2,180.4 1 0
github.com/arifwidiasan/todo-app/handler/restecho/access_controller.go:140.16,144.3 1 0
github.com/arifwidiasan/todo-app/handler/restecho/access_controller.go:148.16,152.3 1 0
github.com/arifwidiasan/todo-app/handler/restecho/access_controller.go:155.16,159.3 1 0
github.com/arifwidiasan/todo-app/handler/restecho/access_controller.go:164.16,168.3 1 0
github.com/arifwidiasan/todo-app/handler/restecho/access_controller.go:171.16,175.3 1 0
github.com/arifwidiasan/todo-app/handler/restecho/access_controller.go:195.83,199.16 3 0
github.com/arifwidiasan/todo-app/handler/restecho/access_controller.go:205.2,207.16 3 0
github.com/arifwidiasan/todo-app/handler/restecho/access_controller.go:213.2,214.16 2 0
github.com/arifwidiasan/todo-app/handler/restecho/access_controller.go:220.2,223.4 1 0
github.com/arifwidiasan/todo-app/handler/restecho/access_controller.go:199.16,203.3 1 0
github.com/arifwidiasan/todo-app/handler/restecho/access_controller.go:207.16,211.3 1 0
github.com/arifwidiasan/todo-app/handler/restecho/access_controller.go:214.16,218.3 1 0
