mode: set
github.com/arifwidiasan/todo-app/handler/restecho/access_controller.go:9.81,12.16 3 0
github.com/arifwidiasan/todo-app/handler/restecho/access_controller.go:18.2,21.16 4 0
github.com/arifwidiasan/todo-app/handler/restecho/access_controller.go:27.2,29.16 3 0
github.com/arifwidiasan/todo-app/handler/restecho/access_controller.go:35.2,36.16 2 0
github.com/arifwidiasan/todo-app/handler/restecho/access_controller.go:42.2,44.40 3 0
github.com/arifwidiasan/todo-app/handler/restecho/access_controller.go:50.2,51.16 2 0
github.com/arifwidiasan/todo-app/handler/restecho/access_controller.go:57.2,59.16 3 0
github.com/arifwidiasan/todo-app/handler/restecho/access_controller.go:64.2,68.4 1 0
github.com/arifwidiasan/todo-app/handler/restecho/access_controller.go:12.16,16.3 1 0
github.com/arifwidiasan/todo-app/handler/restecho/access_controller.go:21.16,25.3 1 0
github.com/arifwidiasan/todo-app/handler/restecho/access_controller.go:29.16,33.3 1 0
github.com/arifwidiasan/todo-app/handler/restecho/access_controller.go:36.16,40.3 1 0
github.com/arifwidiasan/todo-app/handler/restecho/access_controller.go:44.40,48.3 1 0
github.com/arifwidiasan/todo-app/handler/restecho/access_controller.go:51.16,55.3 1 0
github.com/arifwidiasan/todo-app/handler/restecho/access_controller.go:59.16,63.3 1 0
github.com/arifwidiasan/todo-app/handler/restecho/access_controller.go:71.81,75.16 4 0
github.com/arifwidiasan/todo-app/handler/restecho/access_controller.go:81.2,84.16 4 0
github.com/arifwidiasan/todo-app/handler/restecho/access_controller.go:90.2,92.16 3 0
github.com/arifwidiasan/todo-app/handler/restecho/access_controller.go:98.2,99.16 2 0
github.com/arifwidiasan/todo-app/handler/restecho/access_controller.go:105.2,110.4 2 0
github.com/arifwidiasan/todo-app/handler/restecho/access_controller.go:75.16,79.3 1 0
github.com/arifwidiasan/todo-app/handler/restecho/access_controller.go:84.16,88.3 1 0
github.com/arifwidiasan/todo-app/handler/restecho/access_controller.go:92.16,96.3 1 0
github.com/arifwidiasan/todo-app/handler/restecho/access_controller.go:99.16,103.3 1 0
github.com/arifwidiasan/todo-app/handler/restecho/access_controller.go:113.75,116.16 3 0
github.com/arifwidiasan/todo-app/handler/restecho/access_controller.go:122.2,125.16 4 0
github.com/arifwidiasan/todo-app/handler/restecho/access_controller.go:131.2,133.16 3 0
github.com/arifwidiasan/todo-app/handler/restecho/access_controller.go:139.2,140.16 2 0
github.com/arifwidiasan/todo-app/handler/restecho/access_controller.go:146.2,149.16 4 0
github.com/arifwidiasan/todo-app/handler/restecho/access_controller.go:155.2,156.16 2 0
github.com/arifwidiasan/todo-app/handler/restecho/access_controller.go:161.2,165.4 1 0
github.com/arifwidiasan/todo-app/handler/restecho/access_controller.go:116.16,120.3 1 0
github.com/arifwidiasan/todo-app/handler/restecho/access_controller.go:125.16,129.3 1 0
github.com/arifwidiasan/todo-app/handler/restecho/access_controller.go:133.16,137.3 1 0
github.com/arifwidiasan/todo-app/handler/restecho/access_controller.go:140.16,144.3 1 0
github.com/arifwidiasan/todo-app/handler/restecho/access_controller.go:149.16,153.3 1 0
github.com/arifwidiasan/todo-app/handler/restecho/access_controller.go:156.16,160.3 1 0
github.com/arifwidiasan/todo-app/handler/restecho/access_controller.go:168.83,171.16 3 0
github.com/arifwidiasan/todo-app/handler/restecho/access_controller.go:177.2,180.16 4 0
github.com/arifwidiasan/todo-app/handler/restecho/access_controller.go:186.2,188.16 3 0
github.com/arifwidiasan/todo-app/handler/restecho/access_controller.go:194.2,195.16 2 0
github.com/arifwidiasan/todo-app/handler/restecho/access_controller.go:201.2,204.4 1 0
github.com/arifwidiasan/todo-app/handler/restecho/access_controller.go:171.16,175.3 1 0
github.com/arifwidiasan/todo-app/handler/restecho/access_controller.go:180.16,184.3 1 0
github.com/arifwidiasan/todo-app/handler/restecho/access_controller.go:188.16,192.3 1 0
github.com/arifwidiasan/todo-app/handler/restecho/access_controller.go:195.16,199.3 1 0
github.com/arifwidiasan/todo-app/handler/restecho/activity_controller.go:9.74,12.16 3 0
github.com/arifwidiasan/todo-app/handler/restecho/activity_controller.go:18.2,21.16 4 0
github.com/arifwidiasan/todo-app/handler/restecho/activity_controller.go:27.2,32.16 5 0
github.com/arifwidiasan/todo-app/handler/restecho/activity_controller.go:38.2,42.16 4 0
github.com/arifwidiasan/todo-app/handler/restecho/activity_controller.go:48.2,51.4 1 0
github.com/arifwidiasan/todo-app/handler/restecho/activity_controller.go:12.16,16.3 1 0
github.com/arifwidiasan/todo-app/handler/restecho/activity_controller.go:21.16,25.3 1 0
github.com/arifwidiasan/todo-app/handler/restecho/activity_controller.go:32.16,36.3 1 0
github.com/arifwidiasan/todo-app/handler/restecho/activity_controller.go:42.16,46.3 1 0
github.com/arifwidiasan/todo-app/handler/restecho/activity_controller.go:54.74,57.16 3 0
github.com/arifwidiasan/todo-app/handler/restecho/activity_controller.go:63.2,66.16 4 0
github.com/arifwidiasan/todo-app/handler/restecho/activity_controller.go:72.2,77.4 2 0
github.com/arifwidiasan/todo-app/handler/restecho/activity_controller.go:57.16,61.3 1 0
github.com/arifwidiasan/todo-app/handler/restecho/activity_controller.go:66.16,70.3 1 0
github.com/arifwidiasan/todo-app/handler/restecho/activity_controller.go:80.81,83.16 3 0
github.com/arifwidiasan/todo-app/handler/restecho/activity_controller.go:89.2,92.16 4 0
github.com/arifwidiasan/todo-app/handler/restecho/activity_controller.go:98.2,103.4 2 0
github.com/arifwidiasan/todo-app/handler/restecho/activity_controller.go:83.16,87.3 1 0
github.com/arifwidiasan/todo-app/handler/restecho/activity_controller.go:92.16,96.3 1 0
github.com/arifwidiasan/todo-app/handler/restecho/activity_controller.go:106.71,109.16 3 0
github.com/arifwidiasan/todo-app/handler/restecho/activity_controller.go:115.2,118.16 4 0
github.com/arifwidiasan/todo-app/handler/restecho/activity_controller.go:124.2,127.16 3 0
github.com/arifwidiasan/todo-app/handler/restecho/activity_controller.go:133.2,134.16 2 0
github.com/arifwidiasan/todo-app/handler/restecho/activity_controller.go:140.2,143.4 1 0
github.com/arifwidiasan/todo-app/handler/restecho/activity_controller.go:109.16,113.3 1 0
github.com/arifwidiasan/todo-app/handler/restecho/activity_controller.go:118.16,122.3 1 0
github.com/arifwidiasan/todo-app/handler/restecho/activity_controller.go:127.16,131.3 1 0
github.com/arifwidiasan/todo-app/handler/restecho/activity_controller.go:134.16,138.3 1 0
github.com/arifwidiasan/todo-app/handler/restecho/activity_controller.go:146.74,149.16 3 0
github.com/arifwidiasan/todo-app/handler/restecho/activity_controller.go:155.2,158.16 4 0
github.com/arifwidiasan/todo-app/handler/restecho/activity_controller.go:164.2,167.16 3 0
github.com/arifwidiasan/todo-app/handler/restecho/activity_controller.go:173.2,174.16 2 0
github.com/arifwidiasan/todo-app/handler/restecho/activity_controller.go:180.2,187.16 6 0
github.com/arifwidiasan/todo-app/handler/restecho/activity_controller.go:193.2,196.4 1 0
github.com/arifwidiasan/todo-app/handler/restecho/activity_controller.go:149.16,153.3 1 0
github.com/arifwidiasan/todo-app/handler/restecho/activity_controller.go:158.16,162.3 1 0
github.com/arifwidiasan/todo-app/handler/restecho/activity_controller.go:167.16,171.3 1 0
github.com/arifwidiasan/todo-app/handler/restecho/activity_controller.go:174.16,178.3 1 0
github.com/arifwidiasan/todo-app/handler/restecho/activity_controller.go:187.16,191.3 1 0
github.com/arifwidiasan/todo-app/handler/restecho/activity_controller.go:199.74,202.16 3 0
github.com/arifwidiasan/todo-app/handler/restecho/activity_controller.go:208.2,211.16 4 0
github.com/arifwidiasan/todo-app/handler/restecho/activity_controller.go:217.2,220.16 3 0
github.com/arifwidiasan/todo-app/handler/restecho/activity_controller.go:226.2,227.16 2 0
github.com/arifwidiasan/todo-app/handler/restecho/activity_controller.go:233.2,238.16 5 0
github.com/arifwidiasan/todo-app/handler/restecho/activity_controller.go:244.2,246.4 1 0
github.com/arifwidiasan/todo-app/handler/restecho/activity_controller.go:202.16,206.3 1 0
github.com/arifwidiasan/todo-app/handler/restecho/activity_controller.go:211.16,215.3 1 0
github.com/arifwidiasan/todo-app/handler/restecho/activity_controller.go:220.16,224.3 1 0
github.com/arifwidiasan/todo-app/handler/restecho/activity_controller.go:227.16,231.3 1 0
github.com/arifwidiasan/todo-app/handler/restecho/activity_controller.go:238.16,242.3 1 0
github.com/arifwidiasan/todo-app/handler/restecho/activity_controller.go:249.75,252.16 3 0
github.com/arifwidiasan/todo-app/handler/restecho/activity_controller.go:258.2,261.16 4 0
github.com/arifwidiasan/todo-app/handler/restecho/activity_controller.go:267.2,270.16 3 0
github.com/arifwidiasan/todo-app/handler/restecho/activity_controller.go:276.2,277.16 2 0
github.com/arifwidiasan/todo-app/handler/restecho/activity_controller.go:283.2,286.16 3 0
github.com/arifwidiasan/todo-app/handler/restecho/activity_controller.go:292.2,295.4 1 0
github.com/arifwidiasan/todo-app/handler/restecho/activity_controller.go:252.16,256.3 1 0
github.com/arifwidiasan/todo-app/handler/restecho/activity_controller.go:261.16,265.3 1 0
github.com/arifwidiasan/todo-app/handler/restecho/activity_controller.go:270.16,274.3 1 0
github.com/arifwidiasan/todo-app/handler/restecho/activity_controller.go:277.16,281.3 1 0
github.com/arifwidiasan/todo-app/handler/restecho/activity_controller.go:286.16,290.3 1 0
github.com/arifwidiasan/todo-app/handler/restecho/activity_controller.go:298.75,301.16 3 0
github.com/arifwidiasan/todo-app/handler/restecho/activity_controller.go:307.2,310.16 4 0
github.com/arifwidiasan/todo-app/handler/restecho/activity_controller.go:316.2,319.16 3 0
github.com/arifwidiasan/todo-app/handler/restecho/activity_controller.go:325.2,326.16 2 0
github.com/arifwidiasan/todo-app/handler/restecho/activity_controller.go:332.2,335.16 3 0
github.com/arifwidiasan/todo-app/handler/restecho/activity_controller.go:341.2,344.4 1 0
github.com/arifwidiasan/todo-app/handler/restecho/activity_controller.go:301.16,305.3 1 0
github.com/arifwidiasan/todo-app/handler/restecho/activity_controller.go:310.16,314.3 1 0
github.com/arifwidiasan/todo-app/handler/restecho/activity_controller.go:319.16,323.3 1 0
github.com/arifwidiasan/todo-app/handler/restecho/activity_controller.go:326.16,330.3 1 0
github.com/arifwidiasan/todo-app/handler/restecho/activity_controller.go:335.16,339.3 1 0
github.com/arifwidiasan/todo-app/handler/restecho/handler.go:17.61,29.46 6 0
github.com/arifwidiasan/todo-app/handler/restecho/handler.go:35.2,88.147 24 0
github.com/arifwidiasan/todo-app/handler/restecho/handler.go:29.46,33.3 1 0
github.com/arifwidiasan/todo-app/handler/restecho/handler.go:94.52,95.15 1 0
github.com/arifwidiasan/todo-app/handler/restecho/handler.go:97.81,98.15 1 0
github.com/arifwidiasan/todo-app/handler/restecho/handler.go:100.66,101.15 1 0
github.com/arifwidiasan/todo-app/handler/restecho/handler.go:104.63,105.15 1 0
github.com/arifwidiasan/todo-app/handler/restecho/handler.go:107.74,108.15 1 0
github.com/arifwidiasan/todo-app/handler/restecho/handler.go:110.62,111.15 1 0
github.com/arifwidiasan/todo-app/handler/restecho/handler.go:113.69,114.15 1 0
github.com/arifwidiasan/todo-app/handler/restecho/handler.go:116.85,117.15 1 0
github.com/arifwidiasan/todo-app/handler/restecho/handler.go:119.75,120.15 1 0
github.com/arifwidiasan/todo-app/handler/restecho/handler.go:122.50,123.15 1 0
github.com/arifwidiasan/todo-app/handler/restecho/handler.go:125.76,126.15 1 0
github.com/arifwidiasan/todo-app/handler/restecho/handler.go:129.57,130.15 1 0
github.com/arifwidiasan/todo-app/handler/restecho/handler.go:132.89,133.15 1 0
github.com/arifwidiasan/todo-app/handler/restecho/handler.go:135.94,136.15 1 0
github.com/arifwidiasan/todo-app/handler/restecho/handler.go:138.56,139.15 1 0
github.com/arifwidiasan/todo-app/handler/restecho/handler.go:141.75,142.15 1 0
github.com/arifwidiasan/todo-app/handler/restecho/handler.go:144.65,145.15 1 0
github.com/arifwidiasan/todo-app/handler/restecho/handler.go:148.51,149.15 1 0
github.com/arifwidiasan/todo-app/handler/restecho/handler.go:151.54,152.15 1 0
github.com/arifwidiasan/todo-app/handler/restecho/handler.go:154.58,155.15 1 0
github.com/arifwidiasan/todo-app/handler/restecho/handler.go:157.66,158.15 1 0
github.com/arifwidiasan/todo-app/handler/restecho/handler.go:160.63,161.15 1 0
github.com/arifwidiasan/todo-app/handler/restecho/handler.go:163.46,164.15 1 0
github.com/arifwidiasan/todo-app/handler/restecho/handler.go:166.65,167.15 1 0
github.com/arifwidiasan/todo-app/handler/restecho/handler.go:170.41,172.2 1 0
github.com/arifwidiasan/todo-app/handler/restecho/mock.go:12.52,14.2 1 0
github.com/arifwidiasan/todo-app/handler/restecho/mock.go:16.60,20.2 2 1
github.com/arifwidiasan/todo-app/handler/restecho/mock.go:21.66,23.2 1 0
github.com/arifwidiasan/todo-app/handler/restecho/mock.go:24.81,28.2 2 1
github.com/arifwidiasan/todo-app/handler/restecho/mock.go:29.70,31.2 1 1
github.com/arifwidiasan/todo-app/handler/restecho/mock.go:33.72,37.2 2 0
github.com/arifwidiasan/todo-app/handler/restecho/mock.go:38.70,40.2 1 0
github.com/arifwidiasan/todo-app/handler/restecho/mock.go:41.92,43.2 1 0
github.com/arifwidiasan/todo-app/handler/restecho/mock.go:44.75,46.2 1 0
github.com/arifwidiasan/todo-app/handler/restecho/mock.go:47.82,49.2 1 0
github.com/arifwidiasan/todo-app/handler/restecho/mock.go:50.81,52.2 1 0
github.com/arifwidiasan/todo-app/handler/restecho/mock.go:53.80,55.2 1 0
github.com/arifwidiasan/todo-app/handler/restecho/mock.go:56.59,58.2 1 0
github.com/arifwidiasan/todo-app/handler/restecho/mock.go:59.81,61.2 1 0
github.com/arifwidiasan/todo-app/handler/restecho/mock.go:63.105,67.2 2 0
github.com/arifwidiasan/todo-app/handler/restecho/mock.go:68.72,70.2 1 0
github.com/arifwidiasan/todo-app/handler/restecho/mock.go:71.77,73.2 1 0
github.com/arifwidiasan/todo-app/handler/restecho/mock.go:74.65,76.2 1 0
github.com/arifwidiasan/todo-app/handler/restecho/mock.go:77.84,79.2 1 0
github.com/arifwidiasan/todo-app/handler/restecho/mock.go:80.74,82.2 1 0
github.com/arifwidiasan/todo-app/handler/restecho/mock.go:84.78,88.2 2 0
github.com/arifwidiasan/todo-app/handler/restecho/mock.go:89.63,91.2 1 0
github.com/arifwidiasan/todo-app/handler/restecho/mock.go:92.67,94.2 1 0
github.com/arifwidiasan/todo-app/handler/restecho/mock.go:95.66,97.2 1 0
github.com/arifwidiasan/todo-app/handler/restecho/mock.go:98.68,100.2 1 0
github.com/arifwidiasan/todo-app/handler/restecho/mock.go:101.55,103.2 1 0
github.com/arifwidiasan/todo-app/handler/restecho/mock.go:104.70,106.2 1 0
github.com/arifwidiasan/todo-app/handler/restecho/task_controller.go:11.70,14.16 3 0
github.com/arifwidiasan/todo-app/handler/restecho/task_controller.go:20.2,23.16 4 0
github.com/arifwidiasan/todo-app/handler/restecho/task_controller.go:29.2,31.16 3 0
github.com/arifwidiasan/todo-app/handler/restecho/task_controller.go:37.2,38.16 2 0
github.com/arifwidiasan/todo-app/handler/restecho/task_controller.go:44.2,47.16 4 0
github.com/arifwidiasan/todo-app/handler/restecho/task_controller.go:52.2,56.4 1 0
github.com/arifwidiasan/todo-app/handler/restecho/task_controller.go:14.16,18.3 1 0
github.com/arifwidiasan/todo-app/handler/restecho/task_controller.go:23.16,27.3 1 0
github.com/arifwidiasan/todo-app/handler/restecho/task_controller.go:31.16,35.3 1 0
github.com/arifwidiasan/todo-app/handler/restecho/task_controller.go:38.16,42.3 1 0
github.com/arifwidiasan/todo-app/handler/restecho/task_controller.go:47.16,51.3 1 0
github.com/arifwidiasan/todo-app/handler/restecho/task_controller.go:59.70,62.16 3 0
github.com/arifwidiasan/todo-app/handler/restecho/task_controller.go:68.2,71.16 4 0
github.com/arifwidiasan/todo-app/handler/restecho/task_controller.go:77.2,79.16 3 0
github.com/arifwidiasan/todo-app/handler/restecho/task_controller.go:85.2,86.16 2 0
github.com/arifwidiasan/todo-app/handler/restecho/task_controller.go:92.2,96.4 2 0
github.com/arifwidiasan/todo-app/handler/restecho/task_controller.go:62.16,66.3 1 0
github.com/arifwidiasan/todo-app/handler/restecho/task_controller.go:71.16,75.3 1 0
github.com/arifwidiasan/todo-app/handler/restecho/task_controller.go:79.16,83.3 1 0
github.com/arifwidiasan/todo-app/handler/restecho/task_controller.go:86.16,90.3 1 0
github.com/arifwidiasan/todo-app/handler/restecho/task_controller.go:99.70,102.16 3 0
github.com/arifwidiasan/todo-app/handler/restecho/task_controller.go:108.2,111.16 4 0
github.com/arifwidiasan/todo-app/handler/restecho/task_controller.go:117.2,119.16 3 0
github.com/arifwidiasan/todo-app/handler/restecho/task_controller.go:125.2,126.16 2 0
github.com/arifwidiasan/todo-app/handler/restecho/task_controller.go:132.2,135.16 4 0
github.com/arifwidiasan/todo-app/handler/restecho/task_controller.go:141.2,144.4 1 0
github.com/arifwidiasan/todo-app/handler/restecho/task_controller.go:102.16,106.3 1 0
github.com/arifwidiasan/todo-app/handler/restecho/task_controller.go:111.16,115.3 1 0
github.com/arifwidiasan/todo-app/handler/restecho/task_controller.go:119.16,123.3 1 0
github.com/arifwidiasan/todo-app/handler/restecho/task_controller.go:126.16,130.3 1 0
github.com/arifwidiasan/todo-app/handler/restecho/task_controller.go:135.16,139.3 1 0
github.com/arifwidiasan/todo-app/handler/restecho/task_controller.go:147.70,150.16 3 0
github.com/arifwidiasan/todo-app/handler/restecho/task_controller.go:156.2,159.16 4 0
github.com/arifwidiasan/todo-app/handler/restecho/task_controller.go:165.2,167.16 3 0
github.com/arifwidiasan/todo-app/handler/restecho/task_controller.go:173.2,174.16 2 0
github.com/arifwidiasan/todo-app/handler/restecho/task_controller.go:180.2,186.16 6 0
github.com/arifwidiasan/todo-app/handler/restecho/task_controller.go:192.2,196.4 2 0
github.com/arifwidiasan/todo-app/handler/restecho/task_controller.go:150.16,154.3 1 0
github.com/arifwidiasan/todo-app/handler/restecho/task_controller.go:159.16,163.3 1 0
github.com/arifwidiasan/todo-app/handler/restecho/task_controller.go:167.16,171.3 1 0
github.com/arifwidiasan/todo-app/handler/restecho/task_controller.go:174.16,178.3 1 0
github.com/arifwidiasan/todo-app/handler/restecho/task_controller.go:186.16,190.3 1 0
github.com/arifwidiasan/todo-app/handler/restecho/task_controller.go:199.70,202.16 3 0
github.com/arifwidiasan/todo-app/handler/restecho/task_controller.go:208.2,211.16 4 0
github.com/arifwidiasan/todo-app/handler/restecho/task_controller.go:217.2,220.16 3 0
github.com/arifwidiasan/todo-app/handler/restecho/task_controller.go:226.2,227.16 2 0
github.com/arifwidiasan/todo-app/handler/restecho/task_controller.go:233.2,237.16 4 0
github.com/arifwidiasan/todo-app/handler/restecho/task_controller.go:243.2,245.4 1 0
github.com/arifwidiasan/todo-app/handler/restecho/task_controller.go:202.16,206.3 1 0
github.com/arifwidiasan/todo-app/handler/restecho/task_controller.go:211.16,215.3 1 0
github.com/arifwidiasan/todo-app/handler/restecho/task_controller.go:220.16,224.3 1 0
github.com/arifwidiasan/todo-app/handler/restecho/task_controller.go:227.16,231.3 1 0
github.com/arifwidiasan/todo-app/handler/restecho/task_controller.go:237.16,241.3 1 0
github.com/arifwidiasan/todo-app/handler/restecho/task_controller.go:248.72,251.16 3 0
github.com/arifwidiasan/todo-app/handler/restecho/task_controller.go:257.2,260.16 4 0
github.com/arifwidiasan/todo-app/handler/restecho/task_controller.go:266.2,269.16 3 0
github.com/arifwidiasan/todo-app/handler/restecho/task_controller.go:275.2,276.16 2 0
github.com/arifwidiasan/todo-app/handler/restecho/task_controller.go:282.2,286.16 4 0
github.com/arifwidiasan/todo-app/handler/restecho/task_controller.go:292.2,295.16 3 0
github.com/arifwidiasan/todo-app/handler/restecho/task_controller.go:301.2,304.4 1 0
github.com/arifwidiasan/todo-app/handler/restecho/task_controller.go:251.16,255.3 1 0
github.com/arifwidiasan/todo-app/handler/restecho/task_controller.go:260.16,264.3 1 0
github.com/arifwidiasan/todo-app/handler/restecho/task_controller.go:269.16,273.3 1 0
github.com/arifwidiasan/todo-app/handler/restecho/task_controller.go:276.16,280.3 1 0
github.com/arifwidiasan/todo-app/handler/restecho/task_controller.go:286.16,290.3 1 0
github.com/arifwidiasan/todo-app/handler/restecho/task_controller.go:295.16,299.3 1 0
github.com/arifwidiasan/todo-app/handler/restecho/task_controller.go:307.77,310.16 3 0
github.com/arifwidiasan/todo-app/handler/restecho/task_controller.go:316.2,319.16 4 0
github.com/arifwidiasan/todo-app/handler/restecho/task_controller.go:325.2,328.16 3 0
github.com/arifwidiasan/todo-app/handler/restecho/task_controller.go:334.2,335.16 2 0
github.com/arifwidiasan/todo-app/handler/restecho/task_controller.go:341.2,345.16 4 0
github.com/arifwidiasan/todo-app/handler/restecho/task_controller.go:351.2,354.16 3 0
github.com/arifwidiasan/todo-app/handler/restecho/task_controller.go:360.2,363.4 1 0
github.com/arifwidiasan/todo-app/handler/restecho/task_controller.go:310.16,314.3 1 0
github.com/arifwidiasan/todo-app/handler/restecho/task_controller.go:319.16,323.3 1 0
github.com/arifwidiasan/todo-app/handler/restecho/task_controller.go:328.16,332.3 1 0
github.com/arifwidiasan/todo-app/handler/restecho/task_controller.go:335.16,339.3 1 0
github.com/arifwidiasan/todo-app/handler/restecho/task_controller.go:345.16,349.3 1 0
github.com/arifwidiasan/todo-app/handler/restecho/task_controller.go:354.16,358.3 1 0
github.com/arifwidiasan/todo-app/handler/restecho/user_controller.go:10.70,15.16 4 1
github.com/arifwidiasan/todo-app/handler/restecho/user_controller.go:21.2,24.4 1 1
github.com/arifwidiasan/todo-app/handler/restecho/user_controller.go:15.16,19.3 1 1
github.com/arifwidiasan/todo-app/handler/restecho/user_controller.go:27.67,31.16 3 1
github.com/arifwidiasan/todo-app/handler/restecho/user_controller.go:37.2,40.4 1 1
github.com/arifwidiasan/todo-app/handler/restecho/user_controller.go:31.16,35.3 1 1
github.com/arifwidiasan/todo-app/handler/restecho/user_controller.go:43.69,49.20 4 1
github.com/arifwidiasan/todo-app/handler/restecho/user_controller.go:61.2,64.10 1 1
github.com/arifwidiasan/todo-app/handler/restecho/user_controller.go:50.31,53.11 1 0
github.com/arifwidiasan/todo-app/handler/restecho/user_controller.go:55.38,58.11 1 0
