mode: set
github.com/arifwidiasan/todo-app/service/access_service.go:9.105,15.2 4 1
github.com/arifwidiasan/todo-app/service/access_service.go:17.72,19.16 2 1
github.com/arifwidiasan/todo-app/service/access_service.go:23.2,23.12 1 1
github.com/arifwidiasan/todo-app/service/access_service.go:19.16,21.3 1 1
github.com/arifwidiasan/todo-app/service/access_service.go:26.77,28.16 2 1
github.com/arifwidiasan/todo-app/service/access_service.go:32.2,32.12 1 1
github.com/arifwidiasan/todo-app/service/access_service.go:28.16,30.3 1 1
github.com/arifwidiasan/todo-app/service/access_service.go:35.65,37.2 1 1
github.com/arifwidiasan/todo-app/service/access_service.go:39.84,41.2 1 1
github.com/arifwidiasan/todo-app/service/access_service.go:43.74,45.2 1 1
github.com/arifwidiasan/todo-app/service/activity_service.go:10.72,12.2 1 1
github.com/arifwidiasan/todo-app/service/activity_service.go:14.70,16.2 1 1
github.com/arifwidiasan/todo-app/service/activity_service.go:18.75,21.2 2 0
github.com/arifwidiasan/todo-app/service/activity_service.go:23.82,26.2 2 0
github.com/arifwidiasan/todo-app/service/activity_service.go:28.92,32.2 2 1
github.com/arifwidiasan/todo-app/service/activity_service.go:34.81,36.2 1 1
github.com/arifwidiasan/todo-app/service/activity_service.go:38.80,40.2 1 1
github.com/arifwidiasan/todo-app/service/activity_service.go:42.59,44.2 1 1
github.com/arifwidiasan/todo-app/service/activity_service.go:46.81,48.2 1 1
github.com/arifwidiasan/todo-app/service/adapter.go:15.52,16.19 1 0
github.com/arifwidiasan/todo-app/service/adapter.go:20.2,20.12 1 0
github.com/arifwidiasan/todo-app/service/adapter.go:16.19,18.3 1 0
github.com/arifwidiasan/todo-app/service/adapter.go:23.91,28.2 1 1
github.com/arifwidiasan/todo-app/service/mock.go:32.55,34.2 1 1
github.com/arifwidiasan/todo-app/service/mock.go:35.84,37.2 1 1
github.com/arifwidiasan/todo-app/service/mock.go:38.69,40.2 1 1
github.com/arifwidiasan/todo-app/service/mock.go:42.66,44.2 1 1
github.com/arifwidiasan/todo-app/service/mock.go:45.77,47.2 1 1
github.com/arifwidiasan/todo-app/service/mock.go:48.65,50.2 1 0
github.com/arifwidiasan/todo-app/service/mock.go:51.72,52.15 1 0
github.com/arifwidiasan/todo-app/service/mock.go:54.88,56.2 1 1
github.com/arifwidiasan/todo-app/service/mock.go:57.78,59.2 1 1
github.com/arifwidiasan/todo-app/service/mock.go:60.53,62.2 1 1
github.com/arifwidiasan/todo-app/service/mock.go:63.79,65.2 1 1
github.com/arifwidiasan/todo-app/service/mock.go:67.60,69.2 1 1
github.com/arifwidiasan/todo-app/service/mock.go:70.92,72.2 1 1
github.com/arifwidiasan/todo-app/service/mock.go:73.97,75.2 1 1
github.com/arifwidiasan/todo-app/service/mock.go:76.59,78.2 1 1
github.com/arifwidiasan/todo-app/service/mock.go:79.78,81.2 1 1
github.com/arifwidiasan/todo-app/service/mock.go:82.68,84.2 1 1
github.com/arifwidiasan/todo-app/service/mock.go:86.54,88.2 1 1
github.com/arifwidiasan/todo-app/service/mock.go:89.57,91.2 1 1
github.com/arifwidiasan/todo-app/service/mock.go:92.61,94.2 1 1
github.com/arifwidiasan/todo-app/service/mock.go:95.69,97.2 1 1
github.com/arifwidiasan/todo-app/service/mock.go:98.66,100.2 1 1
github.com/arifwidiasan/todo-app/service/mock.go:101.49,103.2 1 1
github.com/arifwidiasan/todo-app/service/mock.go:104.68,106.2 1 1
github.com/arifwidiasan/todo-app/service/task_service.go:5.78,10.2 3 1
github.com/arifwidiasan/todo-app/service/task_service.go:12.63,14.2 1 1
github.com/arifwidiasan/todo-app/service/task_service.go:16.67,18.2 1 1
github.com/arifwidiasan/todo-app/service/task_service.go:20.66,22.2 1 1
github.com/arifwidiasan/todo-app/service/task_service.go:24.68,26.2 1 1
github.com/arifwidiasan/todo-app/service/task_service.go:28.55,30.2 1 1
github.com/arifwidiasan/todo-app/service/task_service.go:32.70,34.2 1 1
github.com/arifwidiasan/todo-app/service/user_service.go:10.60,12.2 1 1
github.com/arifwidiasan/todo-app/service/user_service.go:14.66,16.2 1 1
github.com/arifwidiasan/todo-app/service/user_service.go:18.81,20.2 1 1
github.com/arifwidiasan/todo-app/service/user_service.go:22.70,25.32 2 0
github.com/arifwidiasan/todo-app/service/user_service.go:29.2,30.16 2 0
github.com/arifwidiasan/todo-app/service/user_service.go:34.2,34.29 1 0
github.com/arifwidiasan/todo-app/service/user_service.go:25.32,27.3 1 0
github.com/arifwidiasan/todo-app/service/user_service.go:30.16,32.3 1 0
